2022-05-26 21:41:00.237 +0530 [debug] ([34mconfigs.js[0m) [31mloaded default configs as "{"updates":{"manifest_url":"https://ws.freshdev.io/cli/updates.json","period":24},"log":{"level":"info"},"javascript":{"ecma_version":2020}}"[0m
2022-05-26 21:41:00.240 +0530 [debug] ([34mfile-util.js[0m) [31mError while requiring C:\Users\LENOVO/.fdk/configs.json: Cannot find module 'C:\Users\LENOVO/.fdk/configs.json'
Require stack:
- C:\Users\LENOVO\AppData\Roaming\npm\node_modules\fdk\lib\utils\file-util.js
- C:\Users\LENOVO\AppData\Roaming\npm\node_modules\fdk\lib\configs.js
- C:\Users\LENOVO\AppData\Roaming\npm\node_modules\fdk\lib\logger.js
- C:\Users\LENOVO\AppData\Roaming\npm\node_modules\fdk\index.js[0m
2022-05-26 21:41:00.240 +0530 [debug] ([34mconfigs.js[0m) [31mloaded global configs as "{}"[0m
2022-05-26 21:41:00.240 +0530 [debug] ([34mfile-util.js[0m) [31mError while requiring E:\Tejasri\FD\INC-9786/.fdk/configs.json: Cannot find module 'E:\Tejasri\FD\INC-9786/.fdk/configs.json'
Require stack:
- C:\Users\LENOVO\AppData\Roaming\npm\node_modules\fdk\lib\utils\file-util.js
- C:\Users\LENOVO\AppData\Roaming\npm\node_modules\fdk\lib\configs.js
- C:\Users\LENOVO\AppData\Roaming\npm\node_modules\fdk\lib\logger.js
- C:\Users\LENOVO\AppData\Roaming\npm\node_modules\fdk\index.js[0m
2022-05-26 21:41:00.240 +0530 [debug] ([34mconfigs.js[0m) [31mloaded local configs as "{}"[0m
2022-05-26 21:41:00.240 +0530 [debug] ([34mconfigs.js[0m) [31mloaded env configs as "{"updates":{},"log":{},"javascript":{}}"[0m
2022-05-26 21:41:00.240 +0530 [debug] ([34mconfigs.js[0m) [31mloaded resolved configs as "{"updates":{"manifest_url":"https://ws.freshdev.io/cli/updates.json","period":24},"log":{"level":"info"},"javascript":{"ecma_version":2020}}"[0m
2022-05-26 21:41:00.241 +0530 [debug] ([34mlogger.js[0m) [31mStarting FDK in node v14.17.3 on win32[0m
2022-05-26 21:41:00.241 +0530 [debug] ([34msequelize.js[0m) [31msetting up sqilite at "E:\Tejasri\FD\INC-9786/.fdk/store.sqlite"[0m
2022-05-26 21:41:00.241 +0530 [debug] ([34mindex.js[0m) [31mRunning with args {"cmd":"create","gopts":{},"opts":{},"goptArg":{},"optArg":{},"args":[]}[0m
2022-05-26 21:41:00.241 +0530 [debug] ([34mdata-util.js[0m) [31mRead {"version_details":{"cli":{"deprecated":{"version":"<8","message":"This FDK version will be deprecated by August 31, 2022. There will be no further feature updates to this version. For a seamless app building experience, ensure to move to the latest FDK version. For more information, see https://community.developers.freshworks.com/t/5433."},"forced":{"version":"7.0.0","command":"npm install https://dl.freshdev.io/cli/fdk-7.0.0.tgz -g","message":"Your FDK version has been forced updated to v7.0.0, please visit https://community.developers.freshworks.com/t/fdk-v7-0-announcing-node-js-v12-and-es6-support/3606 to know more"},"latest":{"version":"8.3.0","command":"npm install https://dl.freshdev.io/cli/fdk.tgz -g","message":""}},"addon":{"version":"1.10.2","url":"https://dl.freshdev.io/cli-addon/addon-1.10.2.zip"}},"last_updated":{"time_stamp":1653578649432}}[0m
2022-05-26 21:41:00.241 +0530 [debug] ([34mupdater.js[0m) [31mlast check less than 24 hours ago, not looking for updates[0m
2022-05-26 21:41:00.421 +0530 [debug] ([34mdata-util.js[0m) [31mRead {"version_details":{"cli":{"deprecated":{"version":"<8","message":"This FDK version will be deprecated by August 31, 2022. There will be no further feature updates to this version. For a seamless app building experience, ensure to move to the latest FDK version. For more information, see https://community.developers.freshworks.com/t/5433."},"forced":{"version":"7.0.0","command":"npm install https://dl.freshdev.io/cli/fdk-7.0.0.tgz -g","message":"Your FDK version has been forced updated to v7.0.0, please visit https://community.developers.freshworks.com/t/fdk-v7-0-announcing-node-js-v12-and-es6-support/3606 to know more"},"latest":{"version":"8.3.0","command":"npm install https://dl.freshdev.io/cli/fdk.tgz -g","message":""}},"addon":{"version":"1.10.2","url":"https://dl.freshdev.io/cli-addon/addon-1.10.2.zip"}},"last_updated":{"time_stamp":1653578649432}}[0m
2022-05-26 21:41:00.478 +0530 [debug] ([34mcreate.js[0m) [31m'init' called with E:\Tejasri\FD\INC-9786, undefined, undefined[0m
2022-05-26 21:41:13.211 +0530 [debug] ([34mcreate.js[0m) [31mInitializing template "your_first_serverless_app" with product "freshdesk".[0m
2022-05-26 21:41:13.555 +0530 [info] A new Freshdesk app was successfully created from template "your_first_serverless_app" with the following files.

